Updating ce21720..ef15c64
Fast-forward
 .../application/prediccion_ausencias/__init__.py   |   4 +
 .../app/application/prediccion_ausencias/dtos.py   |  52 ++
 .../prediccion_ausencias/seleccion_modelo.py       |  46 ++
 .../tendencia_entrenamientos.py                    | 110 ++++
 .../application/prediccion_ausencias/usecases.py   | 271 +++++++++-
 .../services/prediccion_ausencias_facade.py        |   4 +
 .../composicion_prediccion_ausencias.py            |   8 +-
 clinicdesk/app/i18n_catalogos/pred.py              | 112 +++--
 clinicdesk/app/i18n_catalogos/ux.py                |  16 +
 .../prediccion_ausencias/__init__.py               |  10 +
 .../prediccion_ausencias/almacenamiento_modelo.py  | 112 ++++-
 .../prediccion_ausencias/predictor_v2.py           | 135 +++++
 .../coordinador_entrenamiento.py                   |  77 +++
 .../coordinador_resumen_modelo.py                  | 161 ++++++
 clinicdesk/app/pages/prediccion_ausencias/page.py  | 196 +++++++-
 clinicdesk/app/ui/jobs/job_manager.py              |  60 +++
 clinicdesk/app/ui/lifecycle/__init__.py            |   3 +
 .../app/ui/lifecycle/controlador_cierre_app.py     | 121 +++++
 clinicdesk/app/ui/main_window.py                   | 100 +++-
 docs/ci_quality_gate.md                            |  17 +
 docs/roadmap_codex_automation.md                   | 559 +++++++++++++++++++++
 scripts/gate_pr.py                                 |  54 +-
 scripts/gate_rapido.py                             |  35 +-
 .../quality_gate_components/bloqueo_operativo.py   |  44 ++
 .../contrato_reason_codes_doc.py                   |  88 ++++
 .../doctor_entorno_calidad_core.py                 |  65 +++
 .../quality_gate_components/ejecucion_canonica.py  |   4 +
 scripts/quality_gate_components/entrypoint.py      |   8 +
 ...ausencias_page_entrenamiento_job_manager_ast.py |  53 ++
 tests/test_controlador_cierre_app.py               |  83 +++
 tests/test_doctor_entorno_calidad.py               |  45 +-
 tests/test_ejecucion_canonica.py                   |   6 +
 tests/test_gate_operational_contract_smoke.py      |  93 ++++
 tests/test_gate_pr.py                              |  65 ++-
 tests/test_gate_rapido.py                          |  50 ++
 tests/test_gate_reason_codes_docs_sync.py          |  93 ++++
 tests/test_job_manager.py                          |  59 ++-
 tests/test_main_window_shutdown.py                 | 125 +++++
 tests/test_prediccion_ausencias_facade_wiring.py   |  20 +
 tests/test_prediccion_ausencias_model_selection.py |  88 ++++
 ...iccion_ausencias_page_entrenamiento_handlers.py |  53 ++
 .../test_prediccion_ausencias_page_estabilidad.py  |  27 +
 tests/test_prediccion_ausencias_resumen_modelo.py  | 180 +++++++
 tests/test_prediccion_ausencias_usecases.py        | 321 +++++++++++-
 tests/test_quality_gate_reason_codes_doc_check.py  |  31 ++
 tests/test_tendencia_entrenamientos.py             | 195 +++++++
 ...ediccion_ausencias_coordinador_entrenamiento.py |  92 ++++
 47 files changed, 4055 insertions(+), 96 deletions(-)
 create mode 100644 clinicdesk/app/application/prediccion_ausencias/seleccion_modelo.py
 create mode 100644 clinicdesk/app/application/prediccion_ausencias/tendencia_entrenamientos.py
 create mode 100644 clinicdesk/app/infrastructure/prediccion_ausencias/predictor_v2.py
 create mode 100644 clinicdesk/app/pages/prediccion_ausencias/coordinador_entrenamiento.py
 create mode 100644 clinicdesk/app/pages/prediccion_ausencias/coordinador_resumen_modelo.py
 create mode 100644 clinicdesk/app/ui/lifecycle/__init__.py
 create mode 100644 clinicdesk/app/ui/lifecycle/controlador_cierre_app.py
 create mode 100644 docs/roadmap_codex_automation.md
 create mode 100644 scripts/quality_gate_components/bloqueo_operativo.py
 create mode 100644 scripts/quality_gate_components/contrato_reason_codes_doc.py
 create mode 100644 tests/guardrails/test_prediccion_ausencias_page_entrenamiento_job_manager_ast.py
 create mode 100644 tests/test_controlador_cierre_app.py
 create mode 100644 tests/test_gate_operational_contract_smoke.py
 create mode 100644 tests/test_gate_reason_codes_docs_sync.py
 create mode 100644 tests/test_main_window_shutdown.py
 create mode 100644 tests/test_prediccion_ausencias_facade_wiring.py
 create mode 100644 tests/test_prediccion_ausencias_model_selection.py
 create mode 100644 tests/test_prediccion_ausencias_page_entrenamiento_handlers.py
 create mode 100644 tests/test_prediccion_ausencias_resumen_modelo.py
 create mode 100644 tests/test_quality_gate_reason_codes_doc_check.py
 create mode 100644 tests/test_tendencia_entrenamientos.py
 create mode 100644 tests/ui/test_prediccion_ausencias_coordinador_entrenamiento.py
Updating ef15c64..24fda13
Fast-forward
 AGENTS.md                                          | 372 ++++++---------------
 docs/bitacora_codex.md                             | 107 ++++++
 docs/ci_quality_gate.md                            |   8 +
 docs/roadmap_codex.md                              |  88 +++++
 docs/roadmap_codex_automation.md                   |  24 ++
 .../contrato_reason_codes_doc.py                   |  57 +++-
 tests/test_gate_operational_contract_smoke.py      |  19 +-
 tests/test_gate_reason_codes_docs_sync.py          |  26 ++
 8 files changed, 418 insertions(+), 283 deletions(-)
 create mode 100644 docs/bitacora_codex.md
 create mode 100644 docs/roadmap_codex.md
